<?xml version="1.0" encoding="UTF-8"?>
<!-- Generated by org.testng.reporters.JUnitReportReporter -->
<testsuite hostname="LAPTOP-T0PFR49R" failures="0" tests="1" name="testcases.login" time="11.236" errors="0" timestamp="2023-06-29T23:00:00 IST" skipped="0">
  <testcase classname="testcases.login" name="verifyLogin" time="11.236"/>
</testsuite> <!-- testcases.login -->
