<?xml version="1.0" encoding="UTF-8"?>
<!-- Generated by org.testng.reporters.JUnitReportReporter -->
<testsuite hostname="LAPTOP-T0PFR49R" failures="0" tests="1" name="testcases.signuptestcases" time="14.913" errors="0" timestamp="2023-07-04T10:07:27 IST" skipped="0">
  <testcase classname="testcases.signuptestcases" name="veriftsignup" time="14.913"/>
</testsuite> <!-- testcases.signuptestcases -->
